2025-12-27 21:14:16,557 - INFO - [WebShop] Evaluating task id=228 (fixed_228)
2025-12-27 21:14:16,571 - INFO - Loading config from: /root/AgentBoard/agentboard/fault_injection/injector_config.yaml
2025-12-27 21:14:16,632 - INFO - [Rule Loader] Available rule IDs: ['reasoning_anomaly_injection', 'info_loss_critical', 'unexecutable_plan_generation', 'message_duplication_storm', 'broadcast_amplification', 'echo_loop_injection', 'goal_unclear', 'logic_conflict', 'wrong_tool_selection', 'weak_parameter_filling', 'tool_format_error']
2025-12-27 21:14:16,632 - INFO - [Content Corruption] Starting goal injection with rule 'goal_unclear'
2025-12-27 21:14:16,632 - INFO - [Content Corruption] Original goal: i'm looking for cake toppers for a birthday party, and price lower than 50.00 dollars
2025-12-27 21:14:26,208 - INFO - [Original Goal]
i'm looking for cake toppers for a birthday party, and price lower than 50.00 dollars
2025-12-27 21:14:26,209 - INFO - [Injection Prompt]
You are a fault injection engine designed to test the robustness of multi-agent systems.  
Your task is to semantically mutate user requirements according to predefined rules, while maintaining contextual coherence and fluency.  

## Agent System Description  
CAMEL-OWL is a multi-agent framework that implements role-playing conversations between user and assistant agents.  
Each agent has specific roles, responsibilities, and communication patterns.  
Agents collaborate through structured turn-based message passing.  
  

## Fault Injection Rule  
- **Rule ID**: goal_unclear  
- **Rule Title**: Goal Ambiguity Injection  
- **Mutation Instruction**: Convert the 【Original User Requirement】 into a vague and unclear version by applying the following methods:
  - Remove all specific product, function, or technology names (e.g., "2048 game", "React", "Python").
  - Replace concrete actions with abstract verbs (e.g., "create" → "do something", "build" → "explore").
  - Replace specific objects with generalized nouns (e.g., "game", "API", "report" → "something", "content", "direction").
  - Eliminate all executable details; retain only vague intentions or emotional tone, prioritizing ambiguity over clarity.
Note: Focus on making the requirement ambiguous, but do not introduce contradictory or mutually exclusive conditions.
  

---

## Original User Requirement  
i'm looking for cake toppers for a birthday party, and price lower than 50.00 dollars  

---

## Task Requirements  
- **Preserve the basic structure of the question**: Maintain the syntax form and length range of the original question  
- **Introduce goal ambiguity**: Replace specific entities with generalized concepts to increase comprehension difficulty  
- **Match language style**: Keep the original expression style and tone  

## Prohibited Actions  
- Do not add any explanatory text or markers  
- Do not use prompts such as "mutated version" or "modified as"  
- Do not output a comparison between the original and mutated question  
- Do not add extra quotation marks, parentheses, or other markers  

## Output Format  
Directly output the mutated text without any additional content.
2025-12-27 21:14:26,209 - INFO - [Mutated Goal]
i'm looking for something for a celebration, and price not too high
2025-12-27 21:14:26,209 - INFO - [Result] Mutation successful: 85 → 67 chars
2025-12-27 21:14:30,140 - INFO - [CamelDualAgent] User response: Action: search[celebration items]
Reason: The goal is to find something for a celebration with a price that's not too high. Starting with a broad search for celebration-related items will help explore available options and narrow down later based on specific products and prices.
2025-12-27 21:14:36,109 - INFO - [CamelDualAgent] Assistant response: Action: search[celebration items]
2025-12-27 21:14:36,110 - INFO - [CamelDualAgent] Parsed action: search[celebration items]
2025-12-27 21:14:36,258 - INFO - [CamelDualAgent] Updated memory. Step: 1, Action: search[celebration items], Observation: WEB PAGE: {
[Back to Search] 
Page 1 (Total results: 15) 
[Next >] 
[B0073GRJZI] 
Christmas Gift Basket of Snacks to Celebrate the Holidays 
$75.07 
[B08526STWY] 
United States Marines Cupcake Toppers Rings Set of 24 from Blue Fox Baking 
$7.97 
[B08526VR44] 
United States Army Cupcake Toppers Rings Set of 24 from Blue Fox Baking 
$7.97 }
2025-12-27 21:14:39,912 - INFO - [CamelDualAgent] User response: Action: click[B08526STWY]
Reason: The Christmas Gift Basket at $75.07 might be considered high for "price not too high," while the cupcake toppers at $7.97 are very affordable. The Marine cupcake toppers are a specific celebration item (like for a military-themed celebration) and fit the low price requirement, so I'll click to view details.
2025-12-27 21:14:41,466 - INFO - [CamelDualAgent] Assistant response: Action: click[B08526STWY]
2025-12-27 21:14:41,467 - INFO - [CamelDualAgent] Parsed action: click[B08526STWY]
2025-12-27 21:14:41,467 - INFO - Loading config from: /root/AgentBoard/agentboard/fault_injection/injector_config.yaml
2025-12-27 21:14:41,523 - INFO - Loading config from: /root/AgentBoard/agentboard/fault_injection/injector_config.yaml
2025-12-27 21:14:41,530 - INFO - [CamelDualAgent] Updated memory. Step: 2, Action: click[B08526STWY], Observation: WEB PAGE: {
[Back to Search] 
[< Prev] 
United States Marines Cupcake Toppers Rings Set of 24 from Blue Fox Baking 
Price: $7.97 
Rating: N.A. 
[Description] 
[Features] 
[Reviews] 
[Attributes] 
[Buy Now] }
2025-12-27 21:14:44,316 - INFO - [CamelDualAgent] User response: Action: click[Buy Now]
Reason: The item is priced at $7.97, which fits "price not too high," and it's suitable for a celebration (e.g., a Marine-themed party). Since there are no selectable attributes like quantity or style to click, and the goal is to acquire a celebration item at a low price, proceeding directly to purchase is appropriate.
2025-12-27 21:14:45,506 - INFO - [CamelDualAgent] Assistant response: Action: click[Buy Now]
2025-12-27 21:14:45,506 - INFO - [CamelDualAgent] Parsed action: click[Buy Now]
2025-12-27 21:14:45,506 - INFO - Loading config from: /root/AgentBoard/agentboard/fault_injection/injector_config.yaml
2025-12-27 21:14:45,545 - INFO - Loading config from: /root/AgentBoard/agentboard/fault_injection/injector_config.yaml
2025-12-27 21:14:45,550 - INFO - [CamelDualAgent] Updated memory. Step: 3, Action: click[Buy Now], Observation: WEB PAGE: {Result: [False]}
