2025-12-27 21:25:09,672 - INFO - [WebShop] Evaluating task id=249 (fixed_249)
2025-12-27 21:25:09,689 - INFO - Loading config from: /root/AgentBoard/agentboard/fault_injection/injector_config.yaml
2025-12-27 21:25:09,736 - INFO - [Rule Loader] Available rule IDs: ['reasoning_anomaly_injection', 'info_loss_critical', 'unexecutable_plan_generation', 'message_duplication_storm', 'broadcast_amplification', 'echo_loop_injection', 'goal_unclear', 'logic_conflict', 'wrong_tool_selection', 'weak_parameter_filling', 'tool_format_error']
2025-12-27 21:25:09,736 - INFO - [Content Corruption] Starting goal injection with rule 'goal_unclear'
2025-12-27 21:25:09,736 - INFO - [Content Corruption] Original goal: get me some black lounge pants with an elastic waistband, and price lower than 30.00 dollars
2025-12-27 21:25:27,076 - INFO - [Original Goal]
get me some black lounge pants with an elastic waistband, and price lower than 30.00 dollars
2025-12-27 21:25:27,076 - INFO - [Injection Prompt]
You are a fault injection engine designed to test the robustness of multi-agent systems.  
Your task is to semantically mutate user requirements according to predefined rules, while maintaining contextual coherence and fluency.  

## Agent System Description  
CAMEL-OWL is a multi-agent framework that implements role-playing conversations between user and assistant agents.  
Each agent has specific roles, responsibilities, and communication patterns.  
Agents collaborate through structured turn-based message passing.  
  

## Fault Injection Rule  
- **Rule ID**: goal_unclear  
- **Rule Title**: Goal Ambiguity Injection  
- **Mutation Instruction**: Convert the 【Original User Requirement】 into a vague and unclear version by applying the following methods:
  - Remove all specific product, function, or technology names (e.g., "2048 game", "React", "Python").
  - Replace concrete actions with abstract verbs (e.g., "create" → "do something", "build" → "explore").
  - Replace specific objects with generalized nouns (e.g., "game", "API", "report" → "something", "content", "direction").
  - Eliminate all executable details; retain only vague intentions or emotional tone, prioritizing ambiguity over clarity.
Note: Focus on making the requirement ambiguous, but do not introduce contradictory or mutually exclusive conditions.
  

---

## Original User Requirement  
get me some black lounge pants with an elastic waistband, and price lower than 30.00 dollars  

---

## Task Requirements  
- **Preserve the basic structure of the question**: Maintain the syntax form and length range of the original question  
- **Introduce goal ambiguity**: Replace specific entities with generalized concepts to increase comprehension difficulty  
- **Match language style**: Keep the original expression style and tone  

## Prohibited Actions  
- Do not add any explanatory text or markers  
- Do not use prompts such as "mutated version" or "modified as"  
- Do not output a comparison between the original and mutated question  
- Do not add extra quotation marks, parentheses, or other markers  

## Output Format  
Directly output the mutated text without any additional content.
2025-12-27 21:25:27,076 - INFO - [Mutated Goal]
do something to get me some item with some kind of band, and price lower than some amount
2025-12-27 21:25:27,076 - INFO - [Result] Mutation successful: 92 → 89 chars
2025-12-27 21:25:31,031 - INFO - [CamelDualAgent] User response: Action: search[band items under $50]
Reason: The user's goal is to get an item with some kind of band, and price lower than some amount. Since no specific amount is given, I assume a reasonable budget (e.g., $50) and search broadly for band-related items within that price range. This will help identify relevant products efficiently.
2025-12-27 21:25:33,680 - INFO - [CamelDualAgent] Assistant response: Action: search[band items under $50]
2025-12-27 21:25:33,680 - INFO - [CamelDualAgent] Parsed action: search[band items under $50]
2025-12-27 21:25:33,999 - INFO - [CamelDualAgent] Updated memory. Step: 1, Action: search[band items under $50], Observation: WEB PAGE: {
[Back to Search] 
Page 1 (Total results: 15) 
[Next >] 
[B08PC9C526] 
Mint Wig Band Hair Piece Color Golden Blonde - Ellen Wille Wigs 3.5" Short Elastic Band Synthetic Cool Worn Under Headwear Hat Womens Bundle MaxWigs Hairloss Booklet 
$36.13 
[B09B18VGDV] 
519Pieces Disposable Makeup Tools Kit - Eyelash Extension Cleaning Brush, Mascara Wands,Lipstick Applicators ,Eyebrow Trimming Knife ,Hair Clips,Hair Tie and Waterproof Cosmetic Bag 
$13.49 
[B09RQVDL3T] 
JUSTHENGGUANG 11dBi 800~2700mhz N-Female Log-Periodic Outdoor Antenna for CDMA/GSM DCS AWS WCDMA LTE Signal Booster Radio Antenna (Color : 10 Meters) 
$99.14 }
2025-12-27 21:25:36,893 - INFO - [CamelDualAgent] User response: Action: click[B09B18VGDV]
Reason: The user wants an item with "some kind of band" at a lower price. Among the search results, the "519Pieces Disposable Makeup Tools Kit" includes "Hair Tie" (a type of band) and is priced at $13.49, which is likely within the user's budget. This item aligns with the goal and is affordable, so I'll click to view its details for potential purchase.
2025-12-27 21:25:39,034 - INFO - [CamelDualAgent] Assistant response: Action: click[B09B18VGDV]
2025-12-27 21:25:39,034 - INFO - [CamelDualAgent] Parsed action: click[B09B18VGDV]
2025-12-27 21:25:39,034 - INFO - Loading config from: /root/AgentBoard/agentboard/fault_injection/injector_config.yaml
2025-12-27 21:25:39,081 - INFO - Loading config from: /root/AgentBoard/agentboard/fault_injection/injector_config.yaml
2025-12-27 21:25:39,089 - INFO - [CamelDualAgent] Updated memory. Step: 2, Action: click[B09B18VGDV], Observation: WEB PAGE: {
[Back to Search] 
[< Prev] 
519Pieces Disposable Makeup Tools Kit - Eyelash Extension Cleaning Brush, Mascara Wands,Lipstick Applicators ,Eyebrow Trimming Knife ,Hair Clips,Hair Tie and Waterproof Cosmetic Bag 
Price: $13.49 
Rating: N.A. 
[Description] 
[Features] 
[Reviews] 
[Attributes] 
[Buy Now] }
2025-12-27 21:25:42,429 - INFO - [CamelDualAgent] User response: Action: click[Buy Now]
Reason: The user's goal is to get an item with some kind of band at a lower price. The selected item (519Pieces Disposable Makeup Tools Kit) includes a "Hair Tie" (a type of band) and is priced at $13.49, which is affordable and meets the criteria. Since no specific attributes (like color or size) are mentioned for customization, I can proceed directly to purchase by clicking the [Buy Now] button to complete the task.
2025-12-27 21:25:44,245 - INFO - [CamelDualAgent] Assistant response: Action: click[Buy Now]
2025-12-27 21:25:44,245 - INFO - [CamelDualAgent] Parsed action: click[Buy Now]
2025-12-27 21:25:44,245 - INFO - Loading config from: /root/AgentBoard/agentboard/fault_injection/injector_config.yaml
2025-12-27 21:25:44,285 - INFO - Loading config from: /root/AgentBoard/agentboard/fault_injection/injector_config.yaml
2025-12-27 21:25:44,291 - INFO - [CamelDualAgent] Updated memory. Step: 3, Action: click[Buy Now], Observation: WEB PAGE: {Result: [False]}
